<?xml version="1.0" encoding="UTF-8"?>
<testng-results skipped="0" failed="0" ignored="0" total="1" passed="1">
  <reporter-output>
  </reporter-output>
  <suite name="Default suite" duration-ms="4005" started-at="2020-09-08T21:15:18 IST" finished-at="2020-09-08T21:15:22 IST">
    <groups>
    </groups>
    <test name="Default test" duration-ms="4005" started-at="2020-09-08T21:15:18 IST" finished-at="2020-09-08T21:15:22 IST">
      <class name="DynamicJSON">
        <test-method status="PASS" signature="addLib()[pri:0, instance:DynamicJSON@1d76aeea]" name="addLib" duration-ms="3939" started-at="2020-09-08T21:15:18 IST" finished-at="2020-09-08T21:15:22 IST">
          <reporter-output>
          </reporter-output>
        </test-method> <!-- addLib -->
      </class> <!-- DynamicJSON -->
    </test> <!-- Default test -->
  </suite> <!-- Default suite -->
</testng-results>
